{
  "stats": {
    "suites": 2,
    "tests": 9,
    "passes": 9,
    "pending": 0,
    "failures": 0,
    "start": "2017-10-17T14:09:59.025Z",
    "end": "2017-10-17T14:10:25.604Z",
    "duration": 26579,
    "testsRegistered": 9,
    "passPercent": 100,
    "pendingPercent": 0,
    "other": 0,
    "hasOther": false,
    "skipped": 0,
    "hasSkipped": false,
    "passPercentClass": "success",
    "pendingPercentClass": "danger"
  },
  "suites": {
    "title": "",
    "suites": [
      {
        "title": "用户登录",
        "suites": [
          {
            "title": "登陆信息验证",
            "suites": [],
            "tests": [
              {
                "title": "用户名及密码为空",
                "fullTitle": "用户登录 登陆信息验证 用户名及密码为空",
                "timedOut": false,
                "duration": 2558,
                "state": "passed",
                "speed": "slow",
                "pass": true,
                "fail": false,
                "pending": false,
                "code": "async function (){\n            await driver.get(app.baseUrl); \n            await uiAction.userLogin(driver,data.emptyerr.username,data.emptyerr.password)\n            let errortip = await driver.findElement(loginPage.errortip).getText();\n            return assert.ok(errortip.indexOf(\"信息不完整。\"));",
                "err": {},
                "isRoot": false,
                "uuid": "31f1aea5-eea9-4260-8124-8fa37948b7d8",
                "parentUUID": "db708f28-e6b9-43ce-90ee-d906f5a79365",
                "isHook": false,
                "skipped": false
              },
              {
                "title": "用户名为空",
                "fullTitle": "用户登录 登陆信息验证 用户名为空",
                "timedOut": false,
                "duration": 2105,
                "state": "passed",
                "speed": "slow",
                "pass": true,
                "fail": false,
                "pending": false,
                "code": "async function (){\n            await driver.get(app.baseUrl); \n            await uiAction.userLogin(driver,data.emptyerr.username,data.user.password)\n            let errortip = await driver.findElement(loginPage.errortip).getText();\n            return assert.ok(errortip.indexOf(\"信息不完整。\"));",
                "err": {},
                "isRoot": false,
                "uuid": "5193d12a-cb7c-45f9-9314-9b752d40ae6b",
                "parentUUID": "db708f28-e6b9-43ce-90ee-d906f5a79365",
                "isHook": false,
                "skipped": false
              },
              {
                "title": "密码为空",
                "fullTitle": "用户登录 登陆信息验证 密码为空",
                "timedOut": false,
                "duration": 2033,
                "state": "passed",
                "speed": "slow",
                "pass": true,
                "fail": false,
                "pending": false,
                "code": "async function (){\n            await driver.get(app.baseUrl); \n            await uiAction.userLogin(driver,data.user.username,data.emptyerr.password)\n            let errortip = await driver.findElement(loginPage.errortip).getText();\n            return assert.ok(errortip.indexOf(\"信息不完整。\"));",
                "err": {},
                "isRoot": false,
                "uuid": "a20a0011-1b8f-43b9-a36d-b6623fd18018",
                "parentUUID": "db708f28-e6b9-43ce-90ee-d906f5a79365",
                "isHook": false,
                "skipped": false
              },
              {
                "title": "密码错误",
                "fullTitle": "用户登录 登陆信息验证 密码错误",
                "timedOut": false,
                "duration": 2754,
                "state": "passed",
                "speed": "slow",
                "pass": true,
                "fail": false,
                "pending": false,
                "code": "async function (){\n            await driver.get(app.baseUrl); \n            await uiAction.userLogin(driver,data.user.username,data.err.password)\n            let errortip = await driver.findElement(loginPage.errortip).getText();\n            return assert.deepEqual('×\\n用户名或密码错误',errortip);",
                "err": {},
                "isRoot": false,
                "uuid": "cbdd1de9-0d69-47b5-8180-9f8a3cf9e45b",
                "parentUUID": "db708f28-e6b9-43ce-90ee-d906f5a79365",
                "isHook": false,
                "skipped": false
              },
              {
                "title": "用户名错误",
                "fullTitle": "用户登录 登陆信息验证 用户名错误",
                "timedOut": false,
                "duration": 1710,
                "state": "passed",
                "speed": "slow",
                "pass": true,
                "fail": false,
                "pending": false,
                "code": "async function (){\n            await driver.get(app.baseUrl); \n            await uiAction.userLogin(driver,data.err.username,data.user.password)\n            let errortip = await driver.findElement(loginPage.errortip).getText();\n            return assert.deepEqual('×\\n用户名或密码错误',errortip);",
                "err": {},
                "isRoot": false,
                "uuid": "281434bc-1116-4b81-990b-30f294115638",
                "parentUUID": "db708f28-e6b9-43ce-90ee-d906f5a79365",
                "isHook": false,
                "skipped": false
              },
              {
                "title": "用户名及密码均错误",
                "fullTitle": "用户登录 登陆信息验证 用户名及密码均错误",
                "timedOut": false,
                "duration": 1783,
                "state": "passed",
                "speed": "slow",
                "pass": true,
                "fail": false,
                "pending": false,
                "code": "async function (){\n            await driver.get(app.baseUrl); \n            await uiAction.userLogin(driver,data.err1.username,data.err1.password)\n            let errortip = await driver.findElement(loginPage.errortip).getText();\n            return assert.deepEqual('×\\n用户名或密码错误',errortip);",
                "err": {},
                "isRoot": false,
                "uuid": "c185231c-792a-42f1-913e-3c6c394b8381",
                "parentUUID": "db708f28-e6b9-43ce-90ee-d906f5a79365",
                "isHook": false,
                "skipped": false
              },
              {
                "title": "密码正确，登陆成功",
                "fullTitle": "用户登录 登陆信息验证 密码正确，登陆成功",
                "timedOut": false,
                "duration": 2648,
                "state": "passed",
                "speed": "slow",
                "pass": true,
                "fail": false,
                "pending": false,
                "code": "async function (){\n            await driver.get(app.baseUrl);\n            await uiAction.userLogin(driver,data.user.username,data.user.password)\n            return assert.ok(driver.findElement({css:'body > div.navbar > div > div > ul > li:nth-child(7) > a'}))",
                "err": {},
                "isRoot": false,
                "uuid": "efa14c82-d6a9-4591-9ace-64d5ab4d5ae6",
                "parentUUID": "db708f28-e6b9-43ce-90ee-d906f5a79365",
                "isHook": false,
                "skipped": false
              }
            ],
            "pending": [],
            "root": false,
            "_timeout": 600000,
            "file": "\\uiTest\\userTest\\login.js",
            "uuid": "db708f28-e6b9-43ce-90ee-d906f5a79365",
            "beforeHooks": [],
            "afterHooks": [],
            "fullFile": "C:\\Users\\wenqi\\Desktop\\study\\vocation\\uiTest\\userTest\\login.js",
            "passes": [
              {
                "title": "用户名及密码为空",
                "fullTitle": "用户登录 登陆信息验证 用户名及密码为空",
                "timedOut": false,
                "duration": 2558,
                "state": "passed",
                "speed": "slow",
                "pass": true,
                "fail": false,
                "pending": false,
                "code": "async function (){\n            await driver.get(app.baseUrl); \n            await uiAction.userLogin(driver,data.emptyerr.username,data.emptyerr.password)\n            let errortip = await driver.findElement(loginPage.errortip).getText();\n            return assert.ok(errortip.indexOf(\"信息不完整。\"));",
                "err": {},
                "isRoot": false,
                "uuid": "31f1aea5-eea9-4260-8124-8fa37948b7d8",
                "parentUUID": "db708f28-e6b9-43ce-90ee-d906f5a79365",
                "isHook": false,
                "skipped": false
              },
              {
                "title": "用户名为空",
                "fullTitle": "用户登录 登陆信息验证 用户名为空",
                "timedOut": false,
                "duration": 2105,
                "state": "passed",
                "speed": "slow",
                "pass": true,
                "fail": false,
                "pending": false,
                "code": "async function (){\n            await driver.get(app.baseUrl); \n            await uiAction.userLogin(driver,data.emptyerr.username,data.user.password)\n            let errortip = await driver.findElement(loginPage.errortip).getText();\n            return assert.ok(errortip.indexOf(\"信息不完整。\"));",
                "err": {},
                "isRoot": false,
                "uuid": "5193d12a-cb7c-45f9-9314-9b752d40ae6b",
                "parentUUID": "db708f28-e6b9-43ce-90ee-d906f5a79365",
                "isHook": false,
                "skipped": false
              },
              {
                "title": "密码为空",
                "fullTitle": "用户登录 登陆信息验证 密码为空",
                "timedOut": false,
                "duration": 2033,
                "state": "passed",
                "speed": "slow",
                "pass": true,
                "fail": false,
                "pending": false,
                "code": "async function (){\n            await driver.get(app.baseUrl); \n            await uiAction.userLogin(driver,data.user.username,data.emptyerr.password)\n            let errortip = await driver.findElement(loginPage.errortip).getText();\n            return assert.ok(errortip.indexOf(\"信息不完整。\"));",
                "err": {},
                "isRoot": false,
                "uuid": "a20a0011-1b8f-43b9-a36d-b6623fd18018",
                "parentUUID": "db708f28-e6b9-43ce-90ee-d906f5a79365",
                "isHook": false,
                "skipped": false
              },
              {
                "title": "密码错误",
                "fullTitle": "用户登录 登陆信息验证 密码错误",
                "timedOut": false,
                "duration": 2754,
                "state": "passed",
                "speed": "slow",
                "pass": true,
                "fail": false,
                "pending": false,
                "code": "async function (){\n            await driver.get(app.baseUrl); \n            await uiAction.userLogin(driver,data.user.username,data.err.password)\n            let errortip = await driver.findElement(loginPage.errortip).getText();\n            return assert.deepEqual('×\\n用户名或密码错误',errortip);",
                "err": {},
                "isRoot": false,
                "uuid": "cbdd1de9-0d69-47b5-8180-9f8a3cf9e45b",
                "parentUUID": "db708f28-e6b9-43ce-90ee-d906f5a79365",
                "isHook": false,
                "skipped": false
              },
              {
                "title": "用户名错误",
                "fullTitle": "用户登录 登陆信息验证 用户名错误",
                "timedOut": false,
                "duration": 1710,
                "state": "passed",
                "speed": "slow",
                "pass": true,
                "fail": false,
                "pending": false,
                "code": "async function (){\n            await driver.get(app.baseUrl); \n            await uiAction.userLogin(driver,data.err.username,data.user.password)\n            let errortip = await driver.findElement(loginPage.errortip).getText();\n            return assert.deepEqual('×\\n用户名或密码错误',errortip);",
                "err": {},
                "isRoot": false,
                "uuid": "281434bc-1116-4b81-990b-30f294115638",
                "parentUUID": "db708f28-e6b9-43ce-90ee-d906f5a79365",
                "isHook": false,
                "skipped": false
              },
              {
                "title": "用户名及密码均错误",
                "fullTitle": "用户登录 登陆信息验证 用户名及密码均错误",
                "timedOut": false,
                "duration": 1783,
                "state": "passed",
                "speed": "slow",
                "pass": true,
                "fail": false,
                "pending": false,
                "code": "async function (){\n            await driver.get(app.baseUrl); \n            await uiAction.userLogin(driver,data.err1.username,data.err1.password)\n            let errortip = await driver.findElement(loginPage.errortip).getText();\n            return assert.deepEqual('×\\n用户名或密码错误',errortip);",
                "err": {},
                "isRoot": false,
                "uuid": "c185231c-792a-42f1-913e-3c6c394b8381",
                "parentUUID": "db708f28-e6b9-43ce-90ee-d906f5a79365",
                "isHook": false,
                "skipped": false
              },
              {
                "title": "密码正确，登陆成功",
                "fullTitle": "用户登录 登陆信息验证 密码正确，登陆成功",
                "timedOut": false,
                "duration": 2648,
                "state": "passed",
                "speed": "slow",
                "pass": true,
                "fail": false,
                "pending": false,
                "code": "async function (){\n            await driver.get(app.baseUrl);\n            await uiAction.userLogin(driver,data.user.username,data.user.password)\n            return assert.ok(driver.findElement({css:'body > div.navbar > div > div > ul > li:nth-child(7) > a'}))",
                "err": {},
                "isRoot": false,
                "uuid": "efa14c82-d6a9-4591-9ace-64d5ab4d5ae6",
                "parentUUID": "db708f28-e6b9-43ce-90ee-d906f5a79365",
                "isHook": false,
                "skipped": false
              }
            ],
            "failures": [],
            "skipped": [],
            "hasBeforeHooks": false,
            "hasAfterHooks": false,
            "hasTests": true,
            "hasSuites": false,
            "totalTests": 7,
            "totalPasses": 7,
            "totalFailures": 0,
            "totalPending": 0,
            "totalSkipped": 0,
            "hasPasses": true,
            "hasFailures": false,
            "hasPending": false,
            "hasSkipped": false,
            "duration": 15591,
            "rootEmpty": false
          }
        ],
        "tests": [
          {
            "title": "登陆窗口是否可以正常打开？",
            "fullTitle": "用户登录 登陆窗口是否可以正常打开？",
            "timedOut": false,
            "duration": 6509,
            "state": "passed",
            "speed": "slow",
            "pass": true,
            "fail": false,
            "pending": false,
            "code": "async function () {\n        await driver.get(app.baseUrl);\n        await driver.findElement(indexpage.loginhref).click();\n        // 验证页面中的元素是否存在\n        return assert.ok(driver.findElement({ css: \"body > div.navbar > div > div > ul > li:nth-child(6) > a\" }));",
            "err": {},
            "isRoot": false,
            "uuid": "a98e9597-2ae1-48e1-890d-f97cdbef1b13",
            "parentUUID": "6553ca99-36a3-47ba-9890-753528b1ca74",
            "isHook": false,
            "skipped": false
          },
          {
            "title": "登录窗口UI显示正常？",
            "fullTitle": "用户登录 登录窗口UI显示正常？",
            "timedOut": false,
            "duration": 1193,
            "state": "passed",
            "speed": "slow",
            "pass": true,
            "fail": false,
            "pending": false,
            "code": "async function () {\n        await driver.get(app.baseUrl);\n        await driver.findElement(indexpage.loginhref).click();\n        // 验证页面中的元素是否存在\n        return assert.ok(driver.findElement({ css: \"body > div.navbar > div > div > ul > li:nth-child(6) > a\" }));",
            "err": {},
            "isRoot": false,
            "uuid": "17c4926a-a0ba-4858-a4aa-5942729844c4",
            "parentUUID": "6553ca99-36a3-47ba-9890-753528b1ca74",
            "isHook": false,
            "skipped": false
          }
        ],
        "pending": [],
        "root": false,
        "_timeout": 600000,
        "file": "\\uiTest\\userTest\\login.js",
        "uuid": "6553ca99-36a3-47ba-9890-753528b1ca74",
        "beforeHooks": [],
        "afterHooks": [
          {
            "title": "\"after all\" hook:  close browser",
            "fullTitle": "用户登录 \"after all\" hook:  close browser",
            "timedOut": false,
            "duration": 63,
            "pass": false,
            "fail": false,
            "pending": false,
            "code": "async function () {\n        \n        return await driver.quit();",
            "err": {},
            "isRoot": false,
            "uuid": "8b6cf04e-b5e7-4f26-9ec6-9b49751c5199",
            "parentUUID": "6553ca99-36a3-47ba-9890-753528b1ca74",
            "isHook": true,
            "skipped": false
          },
          {
            "title": "\"after each\" hook: tackscreenshot",
            "fullTitle": "用户登录 \"after each\" hook: tackscreenshot",
            "timedOut": false,
            "duration": 349,
            "pass": false,
            "fail": false,
            "pending": false,
            "code": "async function () {\n        \n        await uiAction.saveScreenShots(driver);\n        await driver.manage().deleteAllCookies();",
            "err": {},
            "isRoot": false,
            "uuid": "5e40b927-9151-4c06-b4ff-e430c156dce7",
            "parentUUID": "6553ca99-36a3-47ba-9890-753528b1ca74",
            "isHook": true,
            "skipped": false
          }
        ],
        "fullFile": "C:\\Users\\wenqi\\Desktop\\study\\vocation\\uiTest\\userTest\\login.js",
        "passes": [
          {
            "title": "登陆窗口是否可以正常打开？",
            "fullTitle": "用户登录 登陆窗口是否可以正常打开？",
            "timedOut": false,
            "duration": 6509,
            "state": "passed",
            "speed": "slow",
            "pass": true,
            "fail": false,
            "pending": false,
            "code": "async function () {\n        await driver.get(app.baseUrl);\n        await driver.findElement(indexpage.loginhref).click();\n        // 验证页面中的元素是否存在\n        return assert.ok(driver.findElement({ css: \"body > div.navbar > div > div > ul > li:nth-child(6) > a\" }));",
            "err": {},
            "isRoot": false,
            "uuid": "a98e9597-2ae1-48e1-890d-f97cdbef1b13",
            "parentUUID": "6553ca99-36a3-47ba-9890-753528b1ca74",
            "isHook": false,
            "skipped": false
          },
          {
            "title": "登录窗口UI显示正常？",
            "fullTitle": "用户登录 登录窗口UI显示正常？",
            "timedOut": false,
            "duration": 1193,
            "state": "passed",
            "speed": "slow",
            "pass": true,
            "fail": false,
            "pending": false,
            "code": "async function () {\n        await driver.get(app.baseUrl);\n        await driver.findElement(indexpage.loginhref).click();\n        // 验证页面中的元素是否存在\n        return assert.ok(driver.findElement({ css: \"body > div.navbar > div > div > ul > li:nth-child(6) > a\" }));",
            "err": {},
            "isRoot": false,
            "uuid": "17c4926a-a0ba-4858-a4aa-5942729844c4",
            "parentUUID": "6553ca99-36a3-47ba-9890-753528b1ca74",
            "isHook": false,
            "skipped": false
          }
        ],
        "failures": [],
        "skipped": [],
        "hasBeforeHooks": false,
        "hasAfterHooks": true,
        "hasTests": true,
        "hasSuites": true,
        "totalTests": 2,
        "totalPasses": 2,
        "totalFailures": 0,
        "totalPending": 0,
        "totalSkipped": 0,
        "hasPasses": true,
        "hasFailures": false,
        "hasPending": false,
        "hasSkipped": false,
        "duration": 7702,
        "rootEmpty": false
      }
    ],
    "tests": [],
    "pending": [],
    "root": true,
    "_timeout": 2000,
    "uuid": "7675bcb4-462f-4d54-ab7e-40ce103f9bca",
    "beforeHooks": [],
    "afterHooks": [],
    "fullFile": "",
    "file": "",
    "passes": [],
    "failures": [],
    "skipped": [],
    "hasBeforeHooks": false,
    "hasAfterHooks": false,
    "hasTests": false,
    "hasSuites": true,
    "totalTests": 0,
    "totalPasses": 0,
    "totalFailures": 0,
    "totalPending": 0,
    "totalSkipped": 0,
    "hasPasses": false,
    "hasFailures": false,
    "hasPending": false,
    "hasSkipped": false,
    "duration": 0,
    "rootEmpty": true
  },
  "allTests": [
    {
      "title": "登陆窗口是否可以正常打开？",
      "fullTitle": "用户登录 登陆窗口是否可以正常打开？",
      "timedOut": false,
      "duration": 6509,
      "state": "passed",
      "speed": "slow",
      "pass": true,
      "fail": false,
      "pending": false,
      "code": "async function () {\n        await driver.get(app.baseUrl);\n        await driver.findElement(indexpage.loginhref).click();\n        // 验证页面中的元素是否存在\n        return assert.ok(driver.findElement({ css: \"body > div.navbar > div > div > ul > li:nth-child(6) > a\" }));",
      "err": {},
      "isRoot": false,
      "uuid": "a98e9597-2ae1-48e1-890d-f97cdbef1b13",
      "parentUUID": "6553ca99-36a3-47ba-9890-753528b1ca74",
      "isHook": false,
      "skipped": false
    },
    {
      "title": "登录窗口UI显示正常？",
      "fullTitle": "用户登录 登录窗口UI显示正常？",
      "timedOut": false,
      "duration": 1193,
      "state": "passed",
      "speed": "slow",
      "pass": true,
      "fail": false,
      "pending": false,
      "code": "async function () {\n        await driver.get(app.baseUrl);\n        await driver.findElement(indexpage.loginhref).click();\n        // 验证页面中的元素是否存在\n        return assert.ok(driver.findElement({ css: \"body > div.navbar > div > div > ul > li:nth-child(6) > a\" }));",
      "err": {},
      "isRoot": false,
      "uuid": "17c4926a-a0ba-4858-a4aa-5942729844c4",
      "parentUUID": "6553ca99-36a3-47ba-9890-753528b1ca74",
      "isHook": false,
      "skipped": false
    },
    {
      "title": "用户名及密码为空",
      "fullTitle": "登陆信息验证 用户名及密码为空",
      "timedOut": false,
      "duration": 2558,
      "state": "passed",
      "speed": "slow",
      "pass": true,
      "fail": false,
      "pending": false,
      "code": "async function (){\n            await driver.get(app.baseUrl); \n            await uiAction.userLogin(driver,data.emptyerr.username,data.emptyerr.password)\n            let errortip = await driver.findElement(loginPage.errortip).getText();\n            return assert.ok(errortip.indexOf(\"信息不完整。\"));",
      "err": {},
      "isRoot": false,
      "uuid": "31f1aea5-eea9-4260-8124-8fa37948b7d8",
      "parentUUID": "db708f28-e6b9-43ce-90ee-d906f5a79365",
      "isHook": false,
      "skipped": false
    },
    {
      "title": "用户名为空",
      "fullTitle": "登陆信息验证 用户名为空",
      "timedOut": false,
      "duration": 2105,
      "state": "passed",
      "speed": "slow",
      "pass": true,
      "fail": false,
      "pending": false,
      "code": "async function (){\n            await driver.get(app.baseUrl); \n            await uiAction.userLogin(driver,data.emptyerr.username,data.user.password)\n            let errortip = await driver.findElement(loginPage.errortip).getText();\n            return assert.ok(errortip.indexOf(\"信息不完整。\"));",
      "err": {},
      "isRoot": false,
      "uuid": "5193d12a-cb7c-45f9-9314-9b752d40ae6b",
      "parentUUID": "db708f28-e6b9-43ce-90ee-d906f5a79365",
      "isHook": false,
      "skipped": false
    },
    {
      "title": "密码为空",
      "fullTitle": "登陆信息验证 密码为空",
      "timedOut": false,
      "duration": 2033,
      "state": "passed",
      "speed": "slow",
      "pass": true,
      "fail": false,
      "pending": false,
      "code": "async function (){\n            await driver.get(app.baseUrl); \n            await uiAction.userLogin(driver,data.user.username,data.emptyerr.password)\n            let errortip = await driver.findElement(loginPage.errortip).getText();\n            return assert.ok(errortip.indexOf(\"信息不完整。\"));",
      "err": {},
      "isRoot": false,
      "uuid": "a20a0011-1b8f-43b9-a36d-b6623fd18018",
      "parentUUID": "db708f28-e6b9-43ce-90ee-d906f5a79365",
      "isHook": false,
      "skipped": false
    },
    {
      "title": "密码错误",
      "fullTitle": "登陆信息验证 密码错误",
      "timedOut": false,
      "duration": 2754,
      "state": "passed",
      "speed": "slow",
      "pass": true,
      "fail": false,
      "pending": false,
      "code": "async function (){\n            await driver.get(app.baseUrl); \n            await uiAction.userLogin(driver,data.user.username,data.err.password)\n            let errortip = await driver.findElement(loginPage.errortip).getText();\n            return assert.deepEqual('×\\n用户名或密码错误',errortip);",
      "err": {},
      "isRoot": false,
      "uuid": "cbdd1de9-0d69-47b5-8180-9f8a3cf9e45b",
      "parentUUID": "db708f28-e6b9-43ce-90ee-d906f5a79365",
      "isHook": false,
      "skipped": false
    },
    {
      "title": "用户名错误",
      "fullTitle": "登陆信息验证 用户名错误",
      "timedOut": false,
      "duration": 1710,
      "state": "passed",
      "speed": "slow",
      "pass": true,
      "fail": false,
      "pending": false,
      "code": "async function (){\n            await driver.get(app.baseUrl); \n            await uiAction.userLogin(driver,data.err.username,data.user.password)\n            let errortip = await driver.findElement(loginPage.errortip).getText();\n            return assert.deepEqual('×\\n用户名或密码错误',errortip);",
      "err": {},
      "isRoot": false,
      "uuid": "281434bc-1116-4b81-990b-30f294115638",
      "parentUUID": "db708f28-e6b9-43ce-90ee-d906f5a79365",
      "isHook": false,
      "skipped": false
    },
    {
      "title": "用户名及密码均错误",
      "fullTitle": "登陆信息验证 用户名及密码均错误",
      "timedOut": false,
      "duration": 1783,
      "state": "passed",
      "speed": "slow",
      "pass": true,
      "fail": false,
      "pending": false,
      "code": "async function (){\n            await driver.get(app.baseUrl); \n            await uiAction.userLogin(driver,data.err1.username,data.err1.password)\n            let errortip = await driver.findElement(loginPage.errortip).getText();\n            return assert.deepEqual('×\\n用户名或密码错误',errortip);",
      "err": {},
      "isRoot": false,
      "uuid": "c185231c-792a-42f1-913e-3c6c394b8381",
      "parentUUID": "db708f28-e6b9-43ce-90ee-d906f5a79365",
      "isHook": false,
      "skipped": false
    },
    {
      "title": "密码正确，登陆成功",
      "fullTitle": "登陆信息验证 密码正确，登陆成功",
      "timedOut": false,
      "duration": 2648,
      "state": "passed",
      "speed": "slow",
      "pass": true,
      "fail": false,
      "pending": false,
      "code": "async function (){\n            await driver.get(app.baseUrl);\n            await uiAction.userLogin(driver,data.user.username,data.user.password)\n            return assert.ok(driver.findElement({css:'body > div.navbar > div > div > ul > li:nth-child(7) > a'}))",
      "err": {},
      "isRoot": false,
      "uuid": "efa14c82-d6a9-4591-9ace-64d5ab4d5ae6",
      "parentUUID": "db708f28-e6b9-43ce-90ee-d906f5a79365",
      "isHook": false,
      "skipped": false
    }
  ],
  "allPending": [],
  "allPasses": [
    {
      "title": "登陆窗口是否可以正常打开？",
      "fullTitle": "用户登录 登陆窗口是否可以正常打开？",
      "timedOut": false,
      "duration": 6509,
      "state": "passed",
      "speed": "slow",
      "pass": true,
      "fail": false,
      "pending": false,
      "code": "async function () {\n        await driver.get(app.baseUrl);\n        await driver.findElement(indexpage.loginhref).click();\n        // 验证页面中的元素是否存在\n        return assert.ok(driver.findElement({ css: \"body > div.navbar > div > div > ul > li:nth-child(6) > a\" }));",
      "err": {},
      "isRoot": false,
      "uuid": "a98e9597-2ae1-48e1-890d-f97cdbef1b13",
      "parentUUID": "6553ca99-36a3-47ba-9890-753528b1ca74",
      "isHook": false,
      "skipped": false
    },
    {
      "title": "登录窗口UI显示正常？",
      "fullTitle": "用户登录 登录窗口UI显示正常？",
      "timedOut": false,
      "duration": 1193,
      "state": "passed",
      "speed": "slow",
      "pass": true,
      "fail": false,
      "pending": false,
      "code": "async function () {\n        await driver.get(app.baseUrl);\n        await driver.findElement(indexpage.loginhref).click();\n        // 验证页面中的元素是否存在\n        return assert.ok(driver.findElement({ css: \"body > div.navbar > div > div > ul > li:nth-child(6) > a\" }));",
      "err": {},
      "isRoot": false,
      "uuid": "17c4926a-a0ba-4858-a4aa-5942729844c4",
      "parentUUID": "6553ca99-36a3-47ba-9890-753528b1ca74",
      "isHook": false,
      "skipped": false
    },
    {
      "title": "用户名及密码为空",
      "fullTitle": "登陆信息验证 用户名及密码为空",
      "timedOut": false,
      "duration": 2558,
      "state": "passed",
      "speed": "slow",
      "pass": true,
      "fail": false,
      "pending": false,
      "code": "async function (){\n            await driver.get(app.baseUrl); \n            await uiAction.userLogin(driver,data.emptyerr.username,data.emptyerr.password)\n            let errortip = await driver.findElement(loginPage.errortip).getText();\n            return assert.ok(errortip.indexOf(\"信息不完整。\"));",
      "err": {},
      "isRoot": false,
      "uuid": "31f1aea5-eea9-4260-8124-8fa37948b7d8",
      "parentUUID": "db708f28-e6b9-43ce-90ee-d906f5a79365",
      "isHook": false,
      "skipped": false
    },
    {
      "title": "用户名为空",
      "fullTitle": "登陆信息验证 用户名为空",
      "timedOut": false,
      "duration": 2105,
      "state": "passed",
      "speed": "slow",
      "pass": true,
      "fail": false,
      "pending": false,
      "code": "async function (){\n            await driver.get(app.baseUrl); \n            await uiAction.userLogin(driver,data.emptyerr.username,data.user.password)\n            let errortip = await driver.findElement(loginPage.errortip).getText();\n            return assert.ok(errortip.indexOf(\"信息不完整。\"));",
      "err": {},
      "isRoot": false,
      "uuid": "5193d12a-cb7c-45f9-9314-9b752d40ae6b",
      "parentUUID": "db708f28-e6b9-43ce-90ee-d906f5a79365",
      "isHook": false,
      "skipped": false
    },
    {
      "title": "密码为空",
      "fullTitle": "登陆信息验证 密码为空",
      "timedOut": false,
      "duration": 2033,
      "state": "passed",
      "speed": "slow",
      "pass": true,
      "fail": false,
      "pending": false,
      "code": "async function (){\n            await driver.get(app.baseUrl); \n            await uiAction.userLogin(driver,data.user.username,data.emptyerr.password)\n            let errortip = await driver.findElement(loginPage.errortip).getText();\n            return assert.ok(errortip.indexOf(\"信息不完整。\"));",
      "err": {},
      "isRoot": false,
      "uuid": "a20a0011-1b8f-43b9-a36d-b6623fd18018",
      "parentUUID": "db708f28-e6b9-43ce-90ee-d906f5a79365",
      "isHook": false,
      "skipped": false
    },
    {
      "title": "密码错误",
      "fullTitle": "登陆信息验证 密码错误",
      "timedOut": false,
      "duration": 2754,
      "state": "passed",
      "speed": "slow",
      "pass": true,
      "fail": false,
      "pending": false,
      "code": "async function (){\n            await driver.get(app.baseUrl); \n            await uiAction.userLogin(driver,data.user.username,data.err.password)\n            let errortip = await driver.findElement(loginPage.errortip).getText();\n            return assert.deepEqual('×\\n用户名或密码错误',errortip);",
      "err": {},
      "isRoot": false,
      "uuid": "cbdd1de9-0d69-47b5-8180-9f8a3cf9e45b",
      "parentUUID": "db708f28-e6b9-43ce-90ee-d906f5a79365",
      "isHook": false,
      "skipped": false
    },
    {
      "title": "用户名错误",
      "fullTitle": "登陆信息验证 用户名错误",
      "timedOut": false,
      "duration": 1710,
      "state": "passed",
      "speed": "slow",
      "pass": true,
      "fail": false,
      "pending": false,
      "code": "async function (){\n            await driver.get(app.baseUrl); \n            await uiAction.userLogin(driver,data.err.username,data.user.password)\n            let errortip = await driver.findElement(loginPage.errortip).getText();\n            return assert.deepEqual('×\\n用户名或密码错误',errortip);",
      "err": {},
      "isRoot": false,
      "uuid": "281434bc-1116-4b81-990b-30f294115638",
      "parentUUID": "db708f28-e6b9-43ce-90ee-d906f5a79365",
      "isHook": false,
      "skipped": false
    },
    {
      "title": "用户名及密码均错误",
      "fullTitle": "登陆信息验证 用户名及密码均错误",
      "timedOut": false,
      "duration": 1783,
      "state": "passed",
      "speed": "slow",
      "pass": true,
      "fail": false,
      "pending": false,
      "code": "async function (){\n            await driver.get(app.baseUrl); \n            await uiAction.userLogin(driver,data.err1.username,data.err1.password)\n            let errortip = await driver.findElement(loginPage.errortip).getText();\n            return assert.deepEqual('×\\n用户名或密码错误',errortip);",
      "err": {},
      "isRoot": false,
      "uuid": "c185231c-792a-42f1-913e-3c6c394b8381",
      "parentUUID": "db708f28-e6b9-43ce-90ee-d906f5a79365",
      "isHook": false,
      "skipped": false
    },
    {
      "title": "密码正确，登陆成功",
      "fullTitle": "登陆信息验证 密码正确，登陆成功",
      "timedOut": false,
      "duration": 2648,
      "state": "passed",
      "speed": "slow",
      "pass": true,
      "fail": false,
      "pending": false,
      "code": "async function (){\n            await driver.get(app.baseUrl);\n            await uiAction.userLogin(driver,data.user.username,data.user.password)\n            return assert.ok(driver.findElement({css:'body > div.navbar > div > div > ul > li:nth-child(7) > a'}))",
      "err": {},
      "isRoot": false,
      "uuid": "efa14c82-d6a9-4591-9ace-64d5ab4d5ae6",
      "parentUUID": "db708f28-e6b9-43ce-90ee-d906f5a79365",
      "isHook": false,
      "skipped": false
    }
  ],
  "allFailures": [],
  "copyrightYear": 2017
}